2025-12-30 19:24:30,121 - pipeline_logger - ERROR - Validation Error: The file does not exist at path: C:\Users\user\Desktop\neural-information-retrieval\data\IR2025\documents.csv
2025-12-30 19:27:33,301 - pipeline_logger - ERROR - Validation Error: The file does not exist at path: C:\Users\user\Desktop\neural-information-retrieval\data\IR2025\documents.csv
2025-12-30 19:30:34,102 - pipeline_logger - INFO - Starting embedding generation pipeline...
2025-12-30 19:30:34,103 - pipeline_logger - INFO - Model: all-MiniLM-L6-v2
2025-12-30 19:30:34,103 - pipeline_logger - INFO - Device: cpu
2025-12-30 19:30:34,103 - pipeline_logger - INFO - Loading texts from: C:\Users\user\Desktop\neural-information-retrieval\data\IR2025\documents.csv
2025-12-30 19:30:34,521 - pipeline_logger - INFO - Preprocessing texts (cleaning whitespace/formatting)...
2025-12-30 19:30:36,198 - pipeline_logger - INFO - Loaded and cleaned 18316 documents.
2025-12-30 19:30:36,198 - pipeline_logger - INFO - Loading model: all-MiniLM-L6-v2...
2025-12-30 19:31:11,135 - pipeline_logger - INFO - Encoding documents...
2025-12-30 19:42:21,209 - pipeline_logger - INFO - Saving embeddings...
2025-12-30 19:42:21,260 - pipeline_logger - INFO - Saved embeddings to: C:\Users\user\Desktop\neural-information-retrieval\data\embeddings\docs_embeddings.pkl
2025-12-30 19:42:21,260 - pipeline_logger - INFO - Shape: (18316, 384)
2025-12-31 17:28:10,442 - pipeline_logger - INFO - Starting Semantic Search pipeline...
2025-12-31 17:28:10,442 - pipeline_logger - INFO - Running validation checks...
2025-12-31 17:28:10,467 - pipeline_logger - INFO - Loading document vectors from: C:\Users\user\Desktop\neural-information-retrieval\data\embeddings\docs_embeddings.pkl
2025-12-31 17:28:10,550 - pipeline_logger - INFO - Loaded 18316 document vectors.
2025-12-31 17:28:10,550 - pipeline_logger - INFO - Loading queries from: C:\Users\user\Desktop\neural-information-retrieval\data\IR2025\queries.csv
2025-12-31 17:28:10,557 - pipeline_logger - INFO - Loaded and preprocessed 10 queries.
2025-12-31 17:28:10,557 - pipeline_logger - INFO - Loading model: all-MiniLM-L6-v2...
2025-12-31 17:28:13,730 - pipeline_logger - INFO - Encoding queries to vectors...
2025-12-31 17:28:14,487 - pipeline_logger - INFO - Building FAISS index...
2025-12-31 17:28:14,524 - pipeline_logger - INFO - Searching for top 50 results per query...
2025-12-31 17:28:14,542 - pipeline_logger - INFO - Formatting results...
2025-12-31 17:28:14,543 - pipeline_logger - INFO - Saving results to: C:\Users\user\Desktop\neural-information-retrieval\results\search_results.pkl
2025-12-31 17:28:14,545 - pipeline_logger - INFO - Search pipeline completed successfully!
2025-12-31 17:42:38,048 - pipeline_logger - INFO - 📊 Starting Evaluation Pipeline...
2025-12-31 17:42:38,077 - pipeline_logger - ERROR - Error loading QRELs: 'QueryID'
2025-12-31 17:44:51,940 - pipeline_logger - INFO - 📊 Starting Evaluation Pipeline...
2025-12-31 17:44:51,941 - pipeline_logger - INFO - Loading QRELs from: C:\Users\user\Desktop\neural-information-retrieval\data\IR2025\qrels.txt
2025-12-31 17:44:51,954 - pipeline_logger - INFO - 💾 Creating Results file for trec_eval: C:\Users\user\Desktop\neural-information-retrieval\results\trec_results.txt
2025-12-31 17:44:51,956 - pipeline_logger - INFO - 💾 Creating QRELS file for trec_eval: C:\Users\user\Desktop\neural-information-retrieval\results\qrels_trec.txt
2025-12-31 17:44:51,958 - pipeline_logger - INFO - ==================================================
2025-12-31 17:44:51,958 - pipeline_logger - INFO - 🚀 RUNNING OFFICIAL TREC_EVAL TOOL
2025-12-31 17:44:51,959 - pipeline_logger - INFO - ==================================================
2025-12-31 17:44:53,268 - pipeline_logger - INFO - ✅ RESULTS SAVED TO: C:\Users\user\Desktop\neural-information-retrieval\results\evaluation_results.txt
2026-01-18 13:14:20,955 - pipeline_logger - INFO - Starting embedding generation pipeline...
2026-01-18 13:14:20,955 - pipeline_logger - INFO - Model: all-mpnet-base-v2
2026-01-18 13:14:20,956 - pipeline_logger - INFO - Device: cpu
2026-01-18 13:14:20,956 - pipeline_logger - INFO - Loading texts from: C:\Users\user\Desktop\neural-information-retrieval\data\IR2025\documents.csv
2026-01-18 13:14:21,346 - pipeline_logger - INFO - Preprocessing texts (cleaning whitespace/formatting)...
2026-01-18 13:14:23,016 - pipeline_logger - INFO - Loaded and cleaned 18316 documents.
2026-01-18 13:14:23,016 - pipeline_logger - INFO - Loading model: all-mpnet-base-v2...
2026-01-18 13:15:05,652 - pipeline_logger - INFO - Encoding documents...
2026-01-18 15:11:02,215 - pipeline_logger - INFO - Saving embeddings...
2026-01-18 15:11:02,371 - pipeline_logger - INFO - Saved embeddings to: C:\Users\user\Desktop\neural-information-retrieval\data\embeddings\docs_embeddings.pkl
2026-01-18 15:11:02,372 - pipeline_logger - INFO - Shape: (18316, 768)
2026-01-18 15:36:52,503 - pipeline_logger - INFO - Starting Semantic Search pipeline...
2026-01-18 15:36:52,503 - pipeline_logger - INFO - Running validation checks...
2026-01-18 15:36:52,519 - pipeline_logger - INFO - Loading document vectors from: C:\Users\user\Desktop\neural-information-retrieval\data\embeddings\docs_embeddings.pkl
2026-01-18 15:36:52,570 - pipeline_logger - INFO - Loaded 18316 document vectors.
2026-01-18 15:36:52,570 - pipeline_logger - INFO - Loading queries from: C:\Users\user\Desktop\neural-information-retrieval\data\IR2025\queries.csv
2026-01-18 15:36:52,577 - pipeline_logger - INFO - Loaded and preprocessed 10 queries.
2026-01-18 15:36:52,578 - pipeline_logger - INFO - Loading model: all-mpnet-base-v2...
2026-01-18 15:36:55,333 - pipeline_logger - INFO - Encoding queries to vectors...
2026-01-18 15:36:59,671 - pipeline_logger - INFO - Building FAISS index...
2026-01-18 15:36:59,754 - pipeline_logger - INFO - Searching for top 50 results per query...
2026-01-18 15:36:59,768 - pipeline_logger - INFO - Formatting results...
2026-01-18 15:36:59,770 - pipeline_logger - INFO - Saving results to: C:\Users\user\Desktop\neural-information-retrieval\results\search_results.pkl
2026-01-18 15:36:59,771 - pipeline_logger - INFO - Search pipeline completed successfully!
2026-01-18 15:37:12,837 - pipeline_logger - INFO - Starting Evaluation Pipeline...
2026-01-18 15:37:12,848 - pipeline_logger - INFO - Loading QRELs from: C:\Users\user\Desktop\neural-information-retrieval\data\IR2025\qrels.txt
2026-01-18 15:37:12,894 - pipeline_logger - INFO - Creating Results file for trec_eval: C:\Users\user\Desktop\neural-information-retrieval\results\trec_results.txt
2026-01-18 15:37:12,896 - pipeline_logger - INFO - Creating QRELS file for trec_eval: C:\Users\user\Desktop\neural-information-retrieval\results\qrels_trec.txt
2026-01-18 15:37:12,898 - pipeline_logger - WARNING - TREC_EVAL exe not found at: C:\Users\user\Desktop\trec_eval\trec_eval.exe
2026-01-18 15:44:15,507 - pipeline_logger - INFO - Starting Semantic Search pipeline...
2026-01-18 15:44:15,508 - pipeline_logger - INFO - Running validation checks...
2026-01-18 15:44:15,511 - pipeline_logger - INFO - Loading document vectors from: C:\Users\user\Desktop\neural-information-retrieval\data\embeddings\docs_embeddings.pkl
2026-01-18 15:44:15,566 - pipeline_logger - INFO - Loaded 18316 document vectors.
2026-01-18 15:44:15,567 - pipeline_logger - INFO - Loading queries from: C:\Users\user\Desktop\neural-information-retrieval\data\IR2025\queries.csv
2026-01-18 15:44:15,572 - pipeline_logger - INFO - Loaded and preprocessed 10 queries.
2026-01-18 15:44:15,572 - pipeline_logger - INFO - Loading model: all-mpnet-base-v2...
2026-01-18 15:44:18,304 - pipeline_logger - INFO - Encoding queries to vectors...
2026-01-18 15:44:22,883 - pipeline_logger - INFO - Building FAISS index...
2026-01-18 15:44:22,986 - pipeline_logger - INFO - Searching for top 50 results per query...
2026-01-18 15:44:23,010 - pipeline_logger - INFO - Formatting results...
2026-01-18 15:44:23,011 - pipeline_logger - INFO - Saving results to: C:\Users\user\Desktop\neural-information-retrieval\results\search_results.pkl
2026-01-18 15:44:23,012 - pipeline_logger - INFO - Search pipeline completed successfully!
2026-01-18 15:44:35,668 - pipeline_logger - INFO - Starting Evaluation Pipeline...
2026-01-18 15:44:35,669 - pipeline_logger - INFO - Loading QRELs from: C:\Users\user\Desktop\neural-information-retrieval\data\IR2025\qrels.txt
2026-01-18 15:44:35,682 - pipeline_logger - INFO - Creating Results file for trec_eval: C:\Users\user\Desktop\neural-information-retrieval\results\trec_results.txt
2026-01-18 15:44:35,684 - pipeline_logger - INFO - Creating QRELS file for trec_eval: C:\Users\user\Desktop\neural-information-retrieval\results\qrels_trec.txt
2026-01-18 15:44:35,686 - pipeline_logger - WARNING - TREC_EVAL exe not found at: C:\Users\user\Desktop\trec_eval\trec_eval.exe
2026-01-18 15:50:33,789 - pipeline_logger - INFO - Starting embedding generation pipeline...
2026-01-18 15:50:33,789 - pipeline_logger - INFO - Model: multi-qa-MiniLM-L6-cos-v1
2026-01-18 15:50:33,789 - pipeline_logger - INFO - Device: cpu
2026-01-18 15:50:33,790 - pipeline_logger - INFO - Loading texts from: C:\Users\user\Desktop\neural-information-retrieval\data\IR2025\documents.csv
2026-01-18 15:50:34,196 - pipeline_logger - INFO - Preprocessing texts (cleaning whitespace/formatting)...
2026-01-18 15:50:35,912 - pipeline_logger - INFO - Loaded and cleaned 18316 documents.
2026-01-18 15:50:35,913 - pipeline_logger - INFO - Loading model: multi-qa-MiniLM-L6-cos-v1...
2026-01-18 15:50:49,260 - pipeline_logger - INFO - Encoding documents...
2026-01-18 16:09:47,692 - pipeline_logger - INFO - Saving embeddings...
2026-01-18 16:09:47,753 - pipeline_logger - INFO - Saved embeddings to: C:\Users\user\Desktop\neural-information-retrieval\data\embeddings\docs_embeddings.pkl
2026-01-18 16:09:47,754 - pipeline_logger - INFO - Shape: (18316, 384)
2026-01-18 16:52:30,453 - pipeline_logger - INFO - Starting Semantic Search pipeline...
2026-01-18 16:52:30,454 - pipeline_logger - INFO - Running validation checks...
2026-01-18 16:52:30,468 - pipeline_logger - INFO - Loading document vectors from: C:\Users\user\Desktop\neural-information-retrieval\data\embeddings\docs_embeddings.pkl
2026-01-18 16:52:30,509 - pipeline_logger - INFO - Loaded 18316 document vectors.
2026-01-18 16:52:30,509 - pipeline_logger - INFO - Loading queries from: C:\Users\user\Desktop\neural-information-retrieval\data\IR2025\queries.csv
2026-01-18 16:52:30,513 - pipeline_logger - INFO - Loaded and preprocessed 10 queries.
2026-01-18 16:52:30,513 - pipeline_logger - INFO - Loading model: multi-qa-MiniLM-L6-cos-v1...
2026-01-18 16:52:33,422 - pipeline_logger - INFO - Encoding queries to vectors...
2026-01-18 16:52:34,342 - pipeline_logger - INFO - Building FAISS index...
2026-01-18 16:52:34,387 - pipeline_logger - INFO - Searching for top 50 results per query...
2026-01-18 16:52:34,416 - pipeline_logger - INFO - Formatting results...
2026-01-18 16:52:34,418 - pipeline_logger - INFO - Saving results to: C:\Users\user\Desktop\neural-information-retrieval\results\search_results.pkl
2026-01-18 16:52:34,419 - pipeline_logger - INFO - Search pipeline completed successfully!
2026-01-18 16:56:54,005 - pipeline_logger - INFO - Starting embedding generation pipeline...
2026-01-18 16:56:54,005 - pipeline_logger - INFO - Model: msmarco-distilbert-base-v4
2026-01-18 16:56:54,005 - pipeline_logger - INFO - Device: cpu
2026-01-18 16:56:54,006 - pipeline_logger - INFO - Loading texts from: C:\Users\user\Desktop\neural-information-retrieval\data\IR2025\documents.csv
2026-01-18 16:56:54,409 - pipeline_logger - INFO - Preprocessing texts (cleaning whitespace/formatting)...
2026-01-18 16:56:56,086 - pipeline_logger - INFO - Loaded and cleaned 18316 documents.
2026-01-18 16:56:56,086 - pipeline_logger - INFO - Loading model: msmarco-distilbert-base-v4...
2026-01-18 16:57:27,196 - pipeline_logger - INFO - Encoding documents...
2026-01-18 17:48:51,938 - pipeline_logger - INFO - Saving embeddings...
2026-01-18 17:48:52,079 - pipeline_logger - INFO - Saved embeddings to: C:\Users\user\Desktop\neural-information-retrieval\data\embeddings\docs_embeddings.pkl
2026-01-18 17:48:52,079 - pipeline_logger - INFO - Shape: (18316, 768)
2026-01-18 17:50:04,954 - pipeline_logger - INFO - Starting Semantic Search pipeline...
2026-01-18 17:50:04,954 - pipeline_logger - INFO - Running validation checks...
2026-01-18 17:50:04,957 - pipeline_logger - INFO - Loading document vectors from: C:\Users\user\Desktop\neural-information-retrieval\data\embeddings\docs_embeddings.pkl
2026-01-18 17:50:05,002 - pipeline_logger - INFO - Loaded 18316 document vectors.
2026-01-18 17:50:05,002 - pipeline_logger - INFO - Loading queries from: C:\Users\user\Desktop\neural-information-retrieval\data\IR2025\queries.csv
2026-01-18 17:50:05,006 - pipeline_logger - INFO - Loaded and preprocessed 10 queries.
2026-01-18 17:50:05,007 - pipeline_logger - INFO - Loading model: msmarco-distilbert-base-v4...
2026-01-18 17:50:08,103 - pipeline_logger - INFO - Encoding queries to vectors...
2026-01-18 17:50:10,165 - pipeline_logger - INFO - Building FAISS index...
2026-01-18 17:50:10,247 - pipeline_logger - INFO - Searching for top 50 results per query...
2026-01-18 17:50:10,272 - pipeline_logger - INFO - Formatting results...
2026-01-18 17:50:10,273 - pipeline_logger - INFO - Saving results to: C:\Users\user\Desktop\neural-information-retrieval\results\search_results.pkl
2026-01-18 17:50:10,275 - pipeline_logger - INFO - Search pipeline completed successfully!
2026-01-18 17:52:43,481 - pipeline_logger - INFO - Starting embedding generation pipeline...
2026-01-18 17:52:43,483 - pipeline_logger - INFO - Model: all-MiniLM-L6-v2
2026-01-18 17:52:43,483 - pipeline_logger - INFO - Device: cpu
2026-01-18 17:52:43,483 - pipeline_logger - INFO - Loading texts from: C:\Users\user\Desktop\neural-information-retrieval\data\IR2025\documents.csv
2026-01-18 17:52:43,925 - pipeline_logger - INFO - Preprocessing texts (cleaning whitespace/formatting)...
2026-01-18 17:52:45,777 - pipeline_logger - INFO - Loaded and cleaned 18316 documents.
2026-01-18 17:52:45,777 - pipeline_logger - INFO - Loading model: all-MiniLM-L6-v2...
2026-01-18 17:52:48,618 - pipeline_logger - INFO - Encoding documents...
2026-01-18 18:03:14,677 - pipeline_logger - INFO - Saving embeddings...
2026-01-18 18:03:14,735 - pipeline_logger - INFO - Saved embeddings to: C:\Users\user\Desktop\neural-information-retrieval\data\embeddings\docs_embeddings.pkl
2026-01-18 18:03:14,736 - pipeline_logger - INFO - Shape: (18316, 384)
2026-01-18 18:15:23,214 - pipeline_logger - INFO - Starting Semantic Search pipeline...
2026-01-18 18:15:23,214 - pipeline_logger - INFO - Running validation checks...
2026-01-18 18:15:23,218 - pipeline_logger - INFO - Loading document vectors from: C:\Users\user\Desktop\neural-information-retrieval\data\embeddings\docs_embeddings.pkl
2026-01-18 18:15:23,245 - pipeline_logger - INFO - Loaded 18316 document vectors.
2026-01-18 18:15:23,245 - pipeline_logger - INFO - Loading queries from: C:\Users\user\Desktop\neural-information-retrieval\data\IR2025\queries.csv
2026-01-18 18:15:23,248 - pipeline_logger - INFO - Loaded and preprocessed 10 queries.
2026-01-18 18:15:23,249 - pipeline_logger - INFO - Loading model: all-MiniLM-L6-v2...
2026-01-18 18:15:25,935 - pipeline_logger - INFO - Encoding queries to vectors...
2026-01-18 18:15:26,460 - pipeline_logger - INFO - Building FAISS index...
2026-01-18 18:15:26,511 - pipeline_logger - INFO - Searching for top 50 results per query...
2026-01-18 18:15:26,529 - pipeline_logger - INFO - Formatting results...
2026-01-18 18:15:26,530 - pipeline_logger - INFO - Saving results to: C:\Users\user\Desktop\neural-information-retrieval\results\search_results.pkl
2026-01-18 18:15:26,532 - pipeline_logger - INFO - Search pipeline completed successfully!
2026-01-18 18:15:42,931 - pipeline_logger - INFO - Starting Semantic Search pipeline...
2026-01-18 18:15:42,932 - pipeline_logger - INFO - Running validation checks...
2026-01-18 18:15:42,935 - pipeline_logger - INFO - Loading document vectors from: C:\Users\user\Desktop\neural-information-retrieval\data\embeddings\docs_embeddings.pkl
2026-01-18 18:15:42,951 - pipeline_logger - INFO - Loaded 18316 document vectors.
2026-01-18 18:15:42,951 - pipeline_logger - INFO - Loading queries from: C:\Users\user\Desktop\neural-information-retrieval\data\IR2025\queries.csv
2026-01-18 18:15:42,955 - pipeline_logger - INFO - Loaded and preprocessed 10 queries.
2026-01-18 18:15:42,955 - pipeline_logger - INFO - Loading model: all-MiniLM-L6-v2...
2026-01-18 18:15:45,653 - pipeline_logger - INFO - Encoding queries to vectors...
2026-01-18 18:15:46,126 - pipeline_logger - INFO - Building FAISS index...
2026-01-18 18:15:46,173 - pipeline_logger - INFO - Searching for top 50 results per query...
2026-01-18 18:15:46,187 - pipeline_logger - INFO - Formatting results...
2026-01-18 18:15:46,188 - pipeline_logger - INFO - Saving results to: C:\Users\user\Desktop\neural-information-retrieval\results\search_results.pkl
2026-01-18 18:15:46,189 - pipeline_logger - INFO - Search pipeline completed successfully!
2026-01-18 18:17:57,251 - pipeline_logger - INFO - Starting embedding generation pipeline...
2026-01-18 18:17:57,252 - pipeline_logger - INFO - Model: all-MiniLM-L6-v2
2026-01-18 18:17:57,252 - pipeline_logger - INFO - Device: cpu
2026-01-18 18:17:57,252 - pipeline_logger - INFO - Loading texts from: C:\Users\user\Desktop\neural-information-retrieval\data\IR2025\documents.csv
2026-01-18 18:17:57,735 - pipeline_logger - INFO - Preprocessing texts (cleaning whitespace/formatting)...
2026-01-18 18:17:59,799 - pipeline_logger - INFO - Loaded and cleaned 18316 documents.
2026-01-18 18:17:59,799 - pipeline_logger - INFO - Loading model: all-MiniLM-L6-v2...
2026-01-18 18:18:03,499 - pipeline_logger - INFO - Encoding documents...
2026-01-18 18:30:09,223 - pipeline_logger - INFO - Saving embeddings...
2026-01-18 18:30:09,274 - pipeline_logger - INFO - Saved embeddings to: C:\Users\user\Desktop\neural-information-retrieval\data\embeddings\docs_embeddings.pkl
2026-01-18 18:30:09,274 - pipeline_logger - INFO - Shape: (18316, 384)
2026-01-18 18:34:48,886 - pipeline_logger - INFO - Starting Semantic Search pipeline...
2026-01-18 18:34:48,887 - pipeline_logger - INFO - Running validation checks...
2026-01-18 18:34:48,890 - pipeline_logger - INFO - Loading document vectors from: C:\Users\user\Desktop\neural-information-retrieval\data\embeddings\docs_embeddings.pkl
2026-01-18 18:34:48,916 - pipeline_logger - INFO - Loaded 18316 document vectors.
2026-01-18 18:34:48,916 - pipeline_logger - INFO - Loading queries from: C:\Users\user\Desktop\neural-information-retrieval\data\IR2025\queries.csv
2026-01-18 18:34:48,921 - pipeline_logger - INFO - Loaded and preprocessed 10 queries.
2026-01-18 18:34:48,922 - pipeline_logger - INFO - Loading model: all-MiniLM-L6-v2...
2026-01-18 18:34:51,563 - pipeline_logger - INFO - Encoding queries to vectors...
2026-01-18 18:34:52,000 - pipeline_logger - INFO - Building FAISS index...
2026-01-18 18:34:52,036 - pipeline_logger - INFO - Searching for top 50 results per query...
2026-01-18 18:34:52,045 - pipeline_logger - INFO - Formatting results...
2026-01-18 18:34:52,046 - pipeline_logger - INFO - Saving results to: C:\Users\user\Desktop\neural-information-retrieval\results\search_results.pkl
2026-01-18 18:34:52,047 - pipeline_logger - INFO - Search pipeline completed successfully!
2026-01-18 18:38:44,493 - pipeline_logger - INFO - Starting Evaluation Pipeline...
2026-01-18 18:38:44,502 - pipeline_logger - INFO - Loading QRELs from: C:\Users\user\Desktop\neural-information-retrieval\data\IR2025\qrels.txt
2026-01-18 18:38:44,515 - pipeline_logger - INFO - Creating Results file for trec_eval: C:\Users\user\Desktop\neural-information-retrieval\results\trec_results.txt
2026-01-18 18:38:44,516 - pipeline_logger - INFO - Creating QRELS file for trec_eval: C:\Users\user\Desktop\neural-information-retrieval\results\qrels_trec.txt
2026-01-18 18:38:44,517 - pipeline_logger - INFO - ==================================================
2026-01-18 18:38:44,518 - pipeline_logger - INFO - RUNNING OFFICIAL TREC_EVAL TOOL
2026-01-18 18:38:44,518 - pipeline_logger - INFO - ==================================================
2026-01-18 18:38:44,580 - pipeline_logger - INFO - RESULTS SAVED TO: C:\Users\user\Desktop\neural-information-retrieval\results\evaluation_results.txt
